2015-06-28 17:12:23 INFO  Main:81 - ̧Renato1326.1500
2015-06-28 17:12:23 INFO  Main:82 - ̧Renato1326.1500
2015-06-28 17:12:23 INFO  Main:83 - 1326.1500
2015-06-28 17:12:23 INFO  Main:84 - ̧08
2015-06-28 17:12:23 INFO  Main:85 - ̧Renato
2015-06-28 17:12:23 INFO  Main:81 - ̧Diego 1326.1500
2015-06-28 17:12:23 INFO  Main:82 - ̧Diego 2539.9000
2015-06-28 17:12:23 INFO  Main:83 - 1213.7500
2015-06-28 17:12:23 INFO  Main:84 - ̧08
2015-06-28 17:12:23 INFO  Main:85 - ̧Diego 
2015-06-28 17:12:23 INFO  Main:81 - ̧MATEUS12000001339.9000
2015-06-28 17:12:23 INFO  Main:82 - ̧MATEUS2539.9000
2015-06-28 17:12:23 INFO  Main:83 - 12000000013.7500
2015-06-28 17:12:23 INFO  Main:84 - ̧20
2015-06-28 17:12:23 INFO  Main:85 - ̧Diego 
2015-06-28 17:12:23 INFO  Main:81 - ̧PIOR  12000001339.9000
2015-06-28 17:12:23 INFO  Main:82 - ̧PIOR  2548.6500
2015-06-28 17:12:23 INFO  Main:83 - 8.7500
2015-06-28 17:12:23 INFO  Main:84 - ̧20
2015-06-28 17:12:23 INFO  Main:85 - ̧PIOR  
2015-06-28 17:12:23 INFO  Listener:29 - Watching directory: /Users/Mateus/Documents/Ilegra/data/in
2015-06-28 17:13:13 INFO  Main:81 - ̧MATEUS12000000013.7500
2015-06-28 17:13:13 INFO  Main:82 - ̧MATEUS12000000013.7500
2015-06-28 17:13:13 INFO  Main:83 - 12000000013.7500
2015-06-28 17:13:13 INFO  Main:84 - ̧20
2015-06-28 17:13:13 INFO  Main:85 - ̧MATEUS
2015-06-28 17:13:13 INFO  Main:81 - ̧Renato12000000013.7500
2015-06-28 17:13:13 INFO  Main:82 - ̧Renato12000001339.9000
2015-06-28 17:13:13 INFO  Main:83 - 1326.1500
2015-06-28 17:13:13 INFO  Main:84 - ̧20
2015-06-28 17:13:13 INFO  Main:85 - ̧Renato
2015-06-28 17:13:13 INFO  Main:81 - ̧Diego 12000000013.7500
2015-06-28 17:13:13 INFO  Main:82 - ̧Diego 12000002553.6500
2015-06-28 17:13:13 INFO  Main:83 - 1213.7500
2015-06-28 17:13:13 INFO  Main:84 - ̧20
2015-06-28 17:13:13 INFO  Main:85 - ̧Diego 
2015-06-28 17:13:13 INFO  Main:81 - ̧PIOR  12000000013.7500
2015-06-28 17:13:13 INFO  Main:82 - ̧PIOR  12000002562.4000
2015-06-28 17:13:13 INFO  Main:83 - 8.7500
2015-06-28 17:13:13 INFO  Main:84 - ̧20
2015-06-28 17:13:13 INFO  Main:85 - ̧PIOR  
2015-06-28 17:13:13 INFO  Listener:29 - Watching directory: /Users/Mateus/Documents/Ilegra/data/in
2015-06-28 17:13:43 INFO  Main:81 - ̧MATEUS12000000013.7500
2015-06-28 17:13:43 INFO  Main:82 - ̧MATEUS12000000013.7500
2015-06-28 17:13:43 INFO  Main:83 - 12000000013.7500
2015-06-28 17:13:43 INFO  Main:84 - ̧20
2015-06-28 17:13:43 INFO  Main:85 - ̧MATEUS
2015-06-28 17:13:43 INFO  Main:81 - ̧PIOR2  12000000013.7500
2015-06-28 17:13:43 INFO  Main:82 - ̧PIOR2  12000000022.5000
2015-06-28 17:13:43 INFO  Main:83 - 8.7500
2015-06-28 17:13:43 INFO  Main:84 - ̧20
2015-06-28 17:13:43 INFO  Main:85 - ̧PIOR2  
2015-06-28 17:13:43 INFO  Main:81 - ̧Renato12000000013.7500
2015-06-28 17:13:43 INFO  Main:82 - ̧Renato12000001348.6500
2015-06-28 17:13:43 INFO  Main:83 - 1326.1500
2015-06-28 17:13:43 INFO  Main:84 - ̧20
2015-06-28 17:13:43 INFO  Main:85 - ̧Renato
2015-06-28 17:13:43 INFO  Main:81 - ̧Diego 12000000013.7500
2015-06-28 17:13:43 INFO  Main:82 - ̧Diego 12000002562.4000
2015-06-28 17:13:43 INFO  Main:83 - 1213.7500
2015-06-28 17:13:43 INFO  Main:84 - ̧20
2015-06-28 17:13:43 INFO  Main:85 - ̧Diego 
2015-06-28 17:13:43 INFO  Listener:29 - Watching directory: /Users/Mateus/Documents/Ilegra/data/in
2015-06-28 17:15:33 INFO  Main:81 - ̧MATEUS12000000013.7500
2015-06-28 17:15:33 INFO  Main:82 - ̧MATEUS12000000013.7500
2015-06-28 17:15:33 INFO  Main:83 - 12000000013.7500
2015-06-28 17:15:33 INFO  Main:84 - ̧20
2015-06-28 17:15:33 INFO  Main:85 - ̧MATEUS
2015-06-28 17:15:33 INFO  Main:81 - ̧PIOR2  12000000013.7500
2015-06-28 17:15:33 INFO  Main:82 - ̧PIOR2  12000000022.5000
2015-06-28 17:15:33 INFO  Main:83 - 8.7500
2015-06-28 17:15:33 INFO  Main:84 - ̧20
2015-06-28 17:15:33 INFO  Main:85 - ̧PIOR2  
2015-06-28 17:15:33 INFO  Main:81 - ̧Renato12000000013.7500
2015-06-28 17:15:33 INFO  Main:82 - ̧Renato12000001348.6500
2015-06-28 17:15:33 INFO  Main:83 - 1326.1500
2015-06-28 17:15:33 INFO  Main:84 - ̧20
2015-06-28 17:15:33 INFO  Main:85 - ̧Renato
2015-06-28 17:15:33 INFO  Main:81 - ̧Diego 12000000013.7500
2015-06-28 17:15:33 INFO  Main:82 - ̧Diego 12000002562.4000
2015-06-28 17:15:33 INFO  Main:83 - 1213.7500
2015-06-28 17:15:33 INFO  Main:84 - ̧20
2015-06-28 17:15:33 INFO  Main:85 - ̧Diego 
2015-06-28 17:15:33 INFO  Listener:29 - Watching directory: /Users/Mateus/Documents/Ilegra/data/in
2015-06-28 17:16:43 INFO  Main:81 - ̧MATEUS12000000013.7500
2015-06-28 17:16:43 INFO  Main:82 - ̧MATEUS12000000013.7500
2015-06-28 17:16:43 INFO  Main:83 - 12000000013.7500
2015-06-28 17:16:43 INFO  Main:84 - ̧20
2015-06-28 17:16:43 INFO  Main:85 - ̧MATEUS
2015-06-28 17:16:43 INFO  Main:81 - ̧PIOR2  12000000013.7500
2015-06-28 17:16:43 INFO  Main:82 - ̧PIOR2  12000000022.5000
2015-06-28 17:16:43 INFO  Main:83 - 8.7500
2015-06-28 17:16:43 INFO  Main:84 - ̧20
2015-06-28 17:16:43 INFO  Main:85 - ̧PIOR2  
2015-06-28 17:16:43 INFO  Main:81 - ̧Renato12000000013.7500
2015-06-28 17:16:43 INFO  Main:82 - ̧Renato12000001348.6500
2015-06-28 17:16:43 INFO  Main:83 - 1326.1500
2015-06-28 17:16:43 INFO  Main:84 - ̧20
2015-06-28 17:16:43 INFO  Main:85 - ̧Renato
2015-06-28 17:16:43 INFO  Main:81 - ̧Diego 12000000013.7500
2015-06-28 17:16:43 INFO  Main:82 - ̧Diego 12000002562.4000
2015-06-28 17:16:43 INFO  Main:83 - 1213.7500
2015-06-28 17:16:43 INFO  Main:84 - ̧20
2015-06-28 17:16:43 INFO  Main:85 - ̧Diego 
2015-06-28 17:16:43 INFO  Listener:29 - Watching directory: /Users/Mateus/Documents/Ilegra/data/in
2015-06-28 17:18:58 INFO  Main:83 - ̧PIOR2  8.7500
2015-06-28 17:18:58 INFO  Main:84 - ̧PIOR2  8.7500
2015-06-28 17:18:58 INFO  Main:85 - 8.7500
2015-06-28 17:18:58 INFO  Main:86 - ̧102
2015-06-28 17:18:58 INFO  Main:87 - ̧PIOR2  
2015-06-28 17:18:58 INFO  Main:83 - ̧Renato1334.9000
2015-06-28 17:18:58 INFO  Main:84 - ̧Renato8.7500
2015-06-28 17:18:58 INFO  Main:85 - 1326.1500
2015-06-28 17:18:58 INFO  Main:86 - ̧08
2015-06-28 17:18:58 INFO  Main:87 - ̧PIOR2  
2015-06-28 17:18:58 INFO  Main:83 - ̧Diego 1334.9000
2015-06-28 17:18:58 INFO  Main:84 - ̧Diego 8.7500
2015-06-28 17:18:58 INFO  Main:85 - 1213.7500
2015-06-28 17:18:58 INFO  Main:86 - ̧08
2015-06-28 17:18:58 INFO  Main:87 - ̧PIOR2  
2015-06-28 17:18:58 INFO  Main:83 - ̧MATEUS12000001348.6500
2015-06-28 17:18:58 INFO  Main:84 - ̧MATEUS8.7500
2015-06-28 17:18:58 INFO  Main:85 - 12000000013.7500
2015-06-28 17:18:58 INFO  Main:86 - ̧20
2015-06-28 17:18:58 INFO  Main:87 - ̧PIOR2  
2015-06-28 17:18:58 INFO  Listener:29 - Watching directory: /Users/Mateus/Documents/Ilegra/data/in
2015-06-28 17:19:28 INFO  Main:83 - ̧PIOR2  8.7500
2015-06-28 17:19:28 INFO  Main:84 - ̧PIOR2  8.7500
2015-06-28 17:19:28 INFO  Main:85 - 8.7500
2015-06-28 17:19:28 INFO  Main:86 - ̧102
2015-06-28 17:19:28 INFO  Main:87 - ̧PIOR2  
2015-06-28 17:19:28 INFO  Main:83 - ̧Renato1334.9000
2015-06-28 17:19:28 INFO  Main:84 - ̧Renato8.7500
2015-06-28 17:19:28 INFO  Main:85 - 1326.1500
2015-06-28 17:19:28 INFO  Main:86 - ̧08
2015-06-28 17:19:28 INFO  Main:87 - ̧PIOR2  
2015-06-28 17:19:28 INFO  Main:83 - ̧Diego 1334.9000
2015-06-28 17:19:28 INFO  Main:84 - ̧Diego 8.7500
2015-06-28 17:19:28 INFO  Main:85 - 1213.7500
2015-06-28 17:19:28 INFO  Main:86 - ̧08
2015-06-28 17:19:28 INFO  Main:87 - ̧PIOR2  
2015-06-28 17:19:28 INFO  Main:83 - ̧MATEUS12000001348.6500
2015-06-28 17:19:28 INFO  Main:84 - ̧MATEUS8.7500
2015-06-28 17:19:28 INFO  Main:85 - 12000000013.7500
2015-06-28 17:19:28 INFO  Main:86 - ̧20
2015-06-28 17:19:28 INFO  Main:87 - ̧PIOR2  
2015-06-28 17:19:28 INFO  Main:83 - ̧PIOR2  8.7500
2015-06-28 17:19:28 INFO  Main:84 - ̧PIOR2  8.7500
2015-06-28 17:19:28 INFO  Main:85 - 8.7500
2015-06-28 17:19:28 INFO  Main:86 - ̧102
2015-06-28 17:19:28 INFO  Main:87 - ̧PIOR2  
2015-06-28 17:19:28 INFO  Main:83 - ̧Renato1334.9000
2015-06-28 17:19:28 INFO  Main:84 - ̧Renato8.7500
2015-06-28 17:19:28 INFO  Main:85 - 1326.1500
2015-06-28 17:19:28 INFO  Main:86 - ̧08
2015-06-28 17:19:28 INFO  Main:87 - ̧PIOR2  
2015-06-28 17:19:28 INFO  Main:83 - ̧Diego 1334.9000
2015-06-28 17:19:28 INFO  Main:84 - ̧Diego 8.7500
2015-06-28 17:19:28 INFO  Main:85 - 1213.7500
2015-06-28 17:19:28 INFO  Main:86 - ̧08
2015-06-28 17:19:28 INFO  Main:87 - ̧PIOR2  
2015-06-28 17:19:28 INFO  Main:83 - ̧MATEUS12000001348.6500
2015-06-28 17:19:28 INFO  Main:84 - ̧MATEUS8.7500
2015-06-28 17:19:28 INFO  Main:85 - 12000000013.7500
2015-06-28 17:19:28 INFO  Main:86 - ̧20
2015-06-28 17:19:28 INFO  Main:87 - ̧PIOR2  
2015-06-28 17:19:28 INFO  Listener:29 - Watching directory: /Users/Mateus/Documents/Ilegra/data/in
2015-06-28 17:19:38 INFO  Main:83 - ̧PIOR2  8.7500
2015-06-28 17:19:38 INFO  Main:84 - ̧PIOR2  8.7500
2015-06-28 17:19:38 INFO  Main:85 - 8.7500
2015-06-28 17:19:38 INFO  Main:86 - ̧102
2015-06-28 17:19:38 INFO  Main:87 - ̧PIOR2  
2015-06-28 17:19:38 INFO  Main:83 - ̧Renato1334.9000
2015-06-28 17:19:38 INFO  Main:84 - ̧Renato8.7500
2015-06-28 17:19:38 INFO  Main:85 - 1326.1500
2015-06-28 17:19:38 INFO  Main:86 - ̧08
2015-06-28 17:19:38 INFO  Main:87 - ̧PIOR2  
2015-06-28 17:19:38 INFO  Main:83 - ̧Diego 1334.9000
2015-06-28 17:19:38 INFO  Main:84 - ̧Diego 8.7500
2015-06-28 17:19:38 INFO  Main:85 - 1213.7500
2015-06-28 17:19:38 INFO  Main:86 - ̧08
2015-06-28 17:19:38 INFO  Main:87 - ̧PIOR2  
2015-06-28 17:19:38 INFO  Main:83 - ̧MATEUS12000001348.6500
2015-06-28 17:19:38 INFO  Main:84 - ̧MATEUS8.7500
2015-06-28 17:19:38 INFO  Main:85 - 12000000013.7500
2015-06-28 17:19:38 INFO  Main:86 - ̧20
2015-06-28 17:19:38 INFO  Main:87 - ̧PIOR2  
2015-06-28 17:19:38 INFO  Listener:29 - Watching directory: /Users/Mateus/Documents/Ilegra/data/in
2015-06-28 17:19:48 INFO  Main:83 - ̧PIOR2  8.7500
2015-06-28 17:19:48 INFO  Main:84 - ̧PIOR2  8.7500
2015-06-28 17:19:48 INFO  Main:85 - 8.7500
2015-06-28 17:19:48 INFO  Main:86 - ̧102
2015-06-28 17:19:48 INFO  Main:87 - ̧PIOR2  
2015-06-28 17:19:48 INFO  Main:83 - ̧Renato1334.9000
2015-06-28 17:19:48 INFO  Main:84 - ̧Renato8.7500
2015-06-28 17:19:48 INFO  Main:85 - 1326.1500
2015-06-28 17:19:48 INFO  Main:86 - ̧08
2015-06-28 17:19:48 INFO  Main:87 - ̧PIOR2  
2015-06-28 17:19:48 INFO  Main:83 - ̧Diego 1334.9000
2015-06-28 17:19:48 INFO  Main:84 - ̧Diego 8.7500
2015-06-28 17:19:48 INFO  Main:85 - 1213.7500
2015-06-28 17:19:48 INFO  Main:86 - ̧08
2015-06-28 17:19:48 INFO  Main:87 - ̧PIOR2  
2015-06-28 17:19:48 INFO  Main:83 - ̧MATEUS12000001348.6500
2015-06-28 17:19:48 INFO  Main:84 - ̧MATEUS8.7500
2015-06-28 17:19:48 INFO  Main:85 - 12000000013.7500
2015-06-28 17:19:48 INFO  Main:86 - ̧20
2015-06-28 17:19:48 INFO  Main:87 - ̧PIOR2  
2015-06-28 17:19:48 INFO  Main:83 - ̧PIOR2  12000001348.6500
2015-06-28 17:19:48 INFO  Main:84 - ̧PIOR2  8.7500
2015-06-28 17:19:48 INFO  Main:85 - 8.7500
2015-06-28 17:19:48 INFO  Main:86 - ̧20
2015-06-28 17:19:48 INFO  Main:87 - ̧PIOR2  
2015-06-28 17:19:48 INFO  Main:83 - ̧Renato12000001348.6500
2015-06-28 17:19:48 INFO  Main:84 - ̧Renato8.7500
2015-06-28 17:19:48 INFO  Main:85 - 1326.1500
2015-06-28 17:19:48 INFO  Main:86 - ̧20
2015-06-28 17:19:48 INFO  Main:87 - ̧PIOR2  
2015-06-28 17:19:48 INFO  Main:83 - ̧Diego 12000001348.6500
2015-06-28 17:19:48 INFO  Main:84 - ̧Diego 8.7500
2015-06-28 17:19:48 INFO  Main:85 - 1213.7500
2015-06-28 17:19:48 INFO  Main:86 - ̧20
2015-06-28 17:19:48 INFO  Main:87 - ̧PIOR2  
2015-06-28 17:19:48 INFO  Main:83 - ̧MATEUS12000001348.6500
2015-06-28 17:19:48 INFO  Main:84 - ̧MATEUS8.7500
2015-06-28 17:19:48 INFO  Main:85 - 12000000013.7500
2015-06-28 17:19:48 INFO  Main:86 - ̧20
2015-06-28 17:19:48 INFO  Main:87 - ̧PIOR2  
2015-06-28 17:19:48 INFO  Main:83 - ̧PIOR2  8.7500
2015-06-28 17:19:48 INFO  Main:84 - ̧PIOR2  8.7500
2015-06-28 17:19:48 INFO  Main:85 - 8.7500
2015-06-28 17:19:48 INFO  Main:86 - ̧102
2015-06-28 17:19:48 INFO  Main:87 - ̧PIOR2  
2015-06-28 17:19:48 INFO  Main:83 - ̧Renato1334.9000
2015-06-28 17:19:48 INFO  Main:84 - ̧Renato8.7500
2015-06-28 17:19:48 INFO  Main:85 - 1326.1500
2015-06-28 17:19:48 INFO  Main:86 - ̧08
2015-06-28 17:19:48 INFO  Main:87 - ̧PIOR2  
2015-06-28 17:19:48 INFO  Main:83 - ̧Diego 1334.9000
2015-06-28 17:19:48 INFO  Main:84 - ̧Diego 8.7500
2015-06-28 17:19:48 INFO  Main:85 - 1213.7500
2015-06-28 17:19:48 INFO  Main:86 - ̧08
2015-06-28 17:19:48 INFO  Main:87 - ̧PIOR2  
2015-06-28 17:19:48 INFO  Main:83 - ̧MATEUS12000001348.6500
2015-06-28 17:19:48 INFO  Main:84 - ̧MATEUS8.7500
2015-06-28 17:19:48 INFO  Main:85 - 12000000013.7500
2015-06-28 17:19:48 INFO  Main:86 - ̧20
2015-06-28 17:19:48 INFO  Main:87 - ̧PIOR2  
2015-06-28 17:19:48 INFO  Main:83 - ̧PIOR2  12000001348.6500
2015-06-28 17:19:48 INFO  Main:84 - ̧PIOR2  8.7500
2015-06-28 17:19:48 INFO  Main:85 - 8.7500
2015-06-28 17:19:48 INFO  Main:86 - ̧20
2015-06-28 17:19:48 INFO  Main:87 - ̧PIOR2  
2015-06-28 17:19:48 INFO  Main:83 - ̧Renato12000001348.6500
2015-06-28 17:19:48 INFO  Main:84 - ̧Renato8.7500
2015-06-28 17:19:48 INFO  Main:85 - 1326.1500
2015-06-28 17:19:48 INFO  Main:86 - ̧20
2015-06-28 17:19:48 INFO  Main:87 - ̧PIOR2  
2015-06-28 17:19:48 INFO  Main:83 - ̧Diego 12000001348.6500
2015-06-28 17:19:48 INFO  Main:84 - ̧Diego 8.7500
2015-06-28 17:19:48 INFO  Main:85 - 1213.7500
2015-06-28 17:19:48 INFO  Main:86 - ̧20
2015-06-28 17:19:48 INFO  Main:87 - ̧PIOR2  
2015-06-28 17:19:48 INFO  Main:83 - ̧MATEUS12000001348.6500
2015-06-28 17:19:48 INFO  Main:84 - ̧MATEUS8.7500
2015-06-28 17:19:48 INFO  Main:85 - 12000000013.7500
2015-06-28 17:19:48 INFO  Main:86 - ̧20
2015-06-28 17:19:48 INFO  Main:87 - ̧PIOR2  
2015-06-28 17:19:48 INFO  Listener:29 - Watching directory: /Users/Mateus/Documents/Ilegra/data/in
2015-06-28 17:19:58 INFO  Main:83 - ̧PIOR2  8.7500
2015-06-28 17:19:58 INFO  Main:84 - ̧PIOR2  8.7500
2015-06-28 17:19:58 INFO  Main:85 - 8.7500
2015-06-28 17:19:58 INFO  Main:86 - ̧102
2015-06-28 17:19:58 INFO  Main:87 - ̧PIOR2  
2015-06-28 17:19:58 INFO  Main:83 - ̧Renato1334.9000
2015-06-28 17:19:58 INFO  Main:84 - ̧Renato8.7500
2015-06-28 17:19:58 INFO  Main:85 - 1326.1500
2015-06-28 17:19:58 INFO  Main:86 - ̧08
2015-06-28 17:19:58 INFO  Main:87 - ̧PIOR2  
2015-06-28 17:19:58 INFO  Main:83 - ̧Diego 1334.9000
2015-06-28 17:19:58 INFO  Main:84 - ̧Diego 8.7500
2015-06-28 17:19:58 INFO  Main:85 - 1213.7500
2015-06-28 17:19:58 INFO  Main:86 - ̧08
2015-06-28 17:19:58 INFO  Main:87 - ̧PIOR2  
2015-06-28 17:19:58 INFO  Main:83 - ̧MATEUS12000001348.6500
2015-06-28 17:19:58 INFO  Main:84 - ̧MATEUS8.7500
2015-06-28 17:19:58 INFO  Main:85 - 12000000013.7500
2015-06-28 17:19:58 INFO  Main:86 - ̧20
2015-06-28 17:19:58 INFO  Main:87 - ̧PIOR2  
2015-06-28 17:19:58 INFO  Main:83 - ̧PIOR2  12000001348.6500
2015-06-28 17:19:58 INFO  Main:84 - ̧PIOR2  8.7500
2015-06-28 17:19:58 INFO  Main:85 - 8.7500
2015-06-28 17:19:58 INFO  Main:86 - ̧20
2015-06-28 17:19:58 INFO  Main:87 - ̧PIOR2  
2015-06-28 17:19:58 INFO  Main:83 - ̧Renato12000001348.6500
2015-06-28 17:19:58 INFO  Main:84 - ̧Renato8.7500
2015-06-28 17:19:58 INFO  Main:85 - 1326.1500
2015-06-28 17:19:58 INFO  Main:86 - ̧20
2015-06-28 17:19:58 INFO  Main:87 - ̧PIOR2  
2015-06-28 17:19:58 INFO  Main:83 - ̧Diego 12000001348.6500
2015-06-28 17:19:58 INFO  Main:84 - ̧Diego 8.7500
2015-06-28 17:19:58 INFO  Main:85 - 1213.7500
2015-06-28 17:19:58 INFO  Main:86 - ̧20
2015-06-28 17:19:58 INFO  Main:87 - ̧PIOR2  
2015-06-28 17:19:58 INFO  Main:83 - ̧MATEUS12000001348.6500
2015-06-28 17:19:58 INFO  Main:84 - ̧MATEUS8.7500
2015-06-28 17:19:58 INFO  Main:85 - 12000000013.7500
2015-06-28 17:19:58 INFO  Main:86 - ̧20
2015-06-28 17:19:58 INFO  Main:87 - ̧PIOR2  
2015-06-28 17:19:58 INFO  Listener:29 - Watching directory: /Users/Mateus/Documents/Ilegra/data/in
2015-06-28 17:20:18 INFO  Main:83 - ̧PIOR2  8.7500
2015-06-28 17:20:18 INFO  Main:84 - ̧PIOR2  8.7500
2015-06-28 17:20:18 INFO  Main:85 - 8.7500
2015-06-28 17:20:18 INFO  Main:86 - ̧102
2015-06-28 17:20:18 INFO  Main:87 - ̧PIOR2  
2015-06-28 17:20:18 INFO  Main:83 - ̧Renato1334.9000
2015-06-28 17:20:18 INFO  Main:84 - ̧Renato8.7500
2015-06-28 17:20:18 INFO  Main:85 - 1326.1500
2015-06-28 17:20:18 INFO  Main:86 - ̧08
2015-06-28 17:20:18 INFO  Main:87 - ̧PIOR2  
2015-06-28 17:20:18 INFO  Main:83 - ̧Diego 1334.9000
2015-06-28 17:20:18 INFO  Main:84 - ̧Diego 8.7500
2015-06-28 17:20:18 INFO  Main:85 - 1213.7500
2015-06-28 17:20:18 INFO  Main:86 - ̧08
2015-06-28 17:20:18 INFO  Main:87 - ̧PIOR2  
2015-06-28 17:20:18 INFO  Main:83 - ̧MATEUS12000001348.6500
2015-06-28 17:20:18 INFO  Main:84 - ̧MATEUS8.7500
2015-06-28 17:20:18 INFO  Main:85 - 12000000013.7500
2015-06-28 17:20:18 INFO  Main:86 - ̧20
2015-06-28 17:20:18 INFO  Main:87 - ̧PIOR2  
2015-06-28 17:20:18 INFO  Main:83 - ̧PIOR2  8.7500
2015-06-28 17:20:18 INFO  Main:84 - ̧PIOR2  8.7500
2015-06-28 17:20:18 INFO  Main:85 - 8.7500
2015-06-28 17:20:18 INFO  Main:86 - ̧102
2015-06-28 17:20:18 INFO  Main:87 - ̧PIOR2  
2015-06-28 17:20:18 INFO  Main:83 - ̧Renato1334.9000
2015-06-28 17:20:18 INFO  Main:84 - ̧Renato8.7500
2015-06-28 17:20:18 INFO  Main:85 - 1326.1500
2015-06-28 17:20:18 INFO  Main:86 - ̧08
2015-06-28 17:20:18 INFO  Main:87 - ̧PIOR2  
2015-06-28 17:20:18 INFO  Main:83 - ̧Diego 1334.9000
2015-06-28 17:20:18 INFO  Main:84 - ̧Diego 8.7500
2015-06-28 17:20:18 INFO  Main:85 - 1213.7500
2015-06-28 17:20:18 INFO  Main:86 - ̧08
2015-06-28 17:20:18 INFO  Main:87 - ̧PIOR2  
2015-06-28 17:20:18 INFO  Main:83 - ̧MATEUS12000001348.6500
2015-06-28 17:20:18 INFO  Main:84 - ̧MATEUS8.7500
2015-06-28 17:20:18 INFO  Main:85 - 12000000013.7500
2015-06-28 17:20:18 INFO  Main:86 - ̧20
2015-06-28 17:20:18 INFO  Main:87 - ̧PIOR2  
2015-06-28 17:20:18 INFO  Main:83 - ̧PIOR2  8.7500
2015-06-28 17:20:18 INFO  Main:84 - ̧PIOR2  8.7500
2015-06-28 17:20:18 INFO  Main:85 - 8.7500
2015-06-28 17:20:18 INFO  Main:86 - ̧102
2015-06-28 17:20:18 INFO  Main:87 - ̧PIOR2  
2015-06-28 17:20:18 INFO  Main:83 - ̧Renato1334.9000
2015-06-28 17:20:18 INFO  Main:84 - ̧Renato8.7500
2015-06-28 17:20:18 INFO  Main:85 - 1326.1500
2015-06-28 17:20:18 INFO  Main:86 - ̧08
2015-06-28 17:20:18 INFO  Main:87 - ̧PIOR2  
2015-06-28 17:20:18 INFO  Main:83 - ̧Diego 1334.9000
2015-06-28 17:20:18 INFO  Main:84 - ̧Diego 8.7500
2015-06-28 17:20:18 INFO  Main:85 - 1213.7500
2015-06-28 17:20:18 INFO  Main:86 - ̧08
2015-06-28 17:20:18 INFO  Main:87 - ̧PIOR2  
2015-06-28 17:20:18 INFO  Main:83 - ̧MATEUS12000001348.6500
2015-06-28 17:20:18 INFO  Main:84 - ̧MATEUS8.7500
2015-06-28 17:20:18 INFO  Main:85 - 12000000013.7500
2015-06-28 17:20:18 INFO  Main:86 - ̧20
2015-06-28 17:20:18 INFO  Main:87 - ̧PIOR2  
2015-06-28 17:20:18 INFO  Listener:29 - Watching directory: /Users/Mateus/Documents/Ilegra/data/in
2015-06-28 17:20:28 INFO  Main:83 - ̧PIOR2  8.7500
2015-06-28 17:20:28 INFO  Main:84 - ̧PIOR2  8.7500
2015-06-28 17:20:28 INFO  Main:85 - 8.7500
2015-06-28 17:20:28 INFO  Main:86 - ̧102
2015-06-28 17:20:28 INFO  Main:87 - ̧PIOR2  
2015-06-28 17:20:28 INFO  Main:83 - ̧Renato1334.9000
2015-06-28 17:20:28 INFO  Main:84 - ̧Renato8.7500
2015-06-28 17:20:28 INFO  Main:85 - 1326.1500
2015-06-28 17:20:28 INFO  Main:86 - ̧08
2015-06-28 17:20:28 INFO  Main:87 - ̧PIOR2  
2015-06-28 17:20:28 INFO  Main:83 - ̧Diego 1334.9000
2015-06-28 17:20:28 INFO  Main:84 - ̧Diego 8.7500
2015-06-28 17:20:28 INFO  Main:85 - 1213.7500
2015-06-28 17:20:28 INFO  Main:86 - ̧08
2015-06-28 17:20:28 INFO  Main:87 - ̧PIOR2  
2015-06-28 17:20:28 INFO  Main:83 - ̧MATEUS12000001348.6500
2015-06-28 17:20:28 INFO  Main:84 - ̧MATEUS8.7500
2015-06-28 17:20:28 INFO  Main:85 - 12000000013.7500
2015-06-28 17:20:28 INFO  Main:86 - ̧20
2015-06-28 17:20:28 INFO  Main:87 - ̧PIOR2  
2015-06-28 17:20:28 INFO  Listener:29 - Watching directory: /Users/Mateus/Documents/Ilegra/data/in
2015-06-28 17:20:58 INFO  Main:83 - ̧MATEUS12000000013.7500
2015-06-28 17:20:58 INFO  Main:84 - ̧MATEUS12000000013.7500
2015-06-28 17:20:58 INFO  Main:85 - 12000000013.7500
2015-06-28 17:20:58 INFO  Main:86 - ̧20
2015-06-28 17:20:58 INFO  Main:87 - ̧MATEUS
2015-06-28 17:20:58 INFO  Main:83 - ̧PIOR2  12000000013.7500
2015-06-28 17:20:58 INFO  Main:84 - ̧PIOR2  12000000022.5000
2015-06-28 17:20:58 INFO  Main:85 - 8.7500
2015-06-28 17:20:58 INFO  Main:86 - ̧20
2015-06-28 17:20:58 INFO  Main:87 - ̧PIOR2  
2015-06-28 17:20:58 INFO  Main:83 - ̧Renato12000000013.7500
2015-06-28 17:20:58 INFO  Main:84 - ̧Renato12000001348.6500
2015-06-28 17:20:58 INFO  Main:85 - 1326.1500
2015-06-28 17:20:58 INFO  Main:86 - ̧20
2015-06-28 17:20:58 INFO  Main:87 - ̧Renato
2015-06-28 17:20:58 INFO  Main:83 - ̧Diego 12000000013.7500
2015-06-28 17:20:58 INFO  Main:84 - ̧Diego 12000002562.4000
2015-06-28 17:20:58 INFO  Main:85 - 1213.7500
2015-06-28 17:20:58 INFO  Main:86 - ̧20
2015-06-28 17:20:58 INFO  Main:87 - ̧Diego 
2015-06-28 17:20:58 INFO  Listener:29 - Watching directory: /Users/Mateus/Documents/Ilegra/data/in
2015-06-28 17:21:28 INFO  Main:83 - ̧MATEUS12000000013.7500
2015-06-28 17:21:28 INFO  Main:84 - ̧MATEUS12000000013.7500
2015-06-28 17:21:28 INFO  Main:85 - 12000000013.7500
2015-06-28 17:21:28 INFO  Main:86 - ̧20
2015-06-28 17:21:28 INFO  Main:87 - ̧MATEUS
2015-06-28 17:21:28 INFO  Main:83 - ̧PIOR2  12000000013.7500
2015-06-28 17:21:28 INFO  Main:84 - ̧PIOR2  12000000022.5000
2015-06-28 17:21:28 INFO  Main:85 - 8.7500
2015-06-28 17:21:28 INFO  Main:86 - ̧20
2015-06-28 17:21:28 INFO  Main:87 - ̧PIOR2  
2015-06-28 17:21:28 INFO  Main:83 - ̧Renato12000000013.7500
2015-06-28 17:21:28 INFO  Main:84 - ̧Renato12000001348.6500
2015-06-28 17:21:28 INFO  Main:85 - 1326.1500
2015-06-28 17:21:28 INFO  Main:86 - ̧20
2015-06-28 17:21:28 INFO  Main:87 - ̧Renato
2015-06-28 17:21:28 INFO  Main:83 - ̧Diegueraa12000000013.7500
2015-06-28 17:21:28 INFO  Main:84 - ̧Diegueraa12000002562.4000
2015-06-28 17:21:28 INFO  Main:85 - 1213.7500
2015-06-28 17:21:28 INFO  Main:86 - ̧20
2015-06-28 17:21:28 INFO  Main:87 - ̧Diegueraa
2015-06-28 17:21:28 INFO  Listener:29 - Watching directory: /Users/Mateus/Documents/Ilegra/data/in
2015-06-28 17:22:28 INFO  Main:83 - ̧MATEUS12000000013.7500
2015-06-28 17:22:28 INFO  Main:84 - ̧MATEUS12000000013.7500
2015-06-28 17:22:28 INFO  Main:85 - 12000000013.7500
2015-06-28 17:22:28 INFO  Main:86 - ̧20
2015-06-28 17:22:28 INFO  Main:87 - ̧MATEUS
2015-06-28 17:22:28 INFO  Main:83 - ̧PIOR222222 12000000013.7500
2015-06-28 17:22:28 INFO  Main:84 - ̧PIOR222222 12000000016.5000
2015-06-28 17:22:28 INFO  Main:85 - 2.7500
2015-06-28 17:22:28 INFO  Main:86 - ̧20
2015-06-28 17:22:28 INFO  Main:87 - ̧PIOR222222 
2015-06-28 17:22:28 INFO  Main:83 - ̧Renato12000000013.7500
2015-06-28 17:22:28 INFO  Main:84 - ̧Renato12000001342.6500
2015-06-28 17:22:28 INFO  Main:85 - 1326.1500
2015-06-28 17:22:28 INFO  Main:86 - ̧20
2015-06-28 17:22:28 INFO  Main:87 - ̧Renato
2015-06-28 17:22:28 INFO  Main:83 - ̧Diegueraa12000000013.7500
2015-06-28 17:22:28 INFO  Main:84 - ̧Diegueraa12000002556.4000
2015-06-28 17:22:28 INFO  Main:85 - 1213.7500
2015-06-28 17:22:28 INFO  Main:86 - ̧20
2015-06-28 17:22:28 INFO  Main:87 - ̧Diegueraa
2015-06-28 17:22:28 INFO  Listener:29 - Watching directory: /Users/Mateus/Documents/Ilegra/data/in
2015-06-28 17:22:48 INFO  Main:83 - ̧MATEUS12000000013.7500
2015-06-28 17:22:48 INFO  Main:84 - ̧MATEUS12000000013.7500
2015-06-28 17:22:48 INFO  Main:85 - 12000000013.7500
2015-06-28 17:22:48 INFO  Main:86 - ̧20
2015-06-28 17:22:48 INFO  Main:87 - ̧MATEUS
2015-06-28 17:22:48 INFO  Main:83 - ̧PIOR222222 12000000013.7500
2015-06-28 17:22:48 INFO  Main:84 - ̧PIOR222222 12000000016.5000
2015-06-28 17:22:48 INFO  Main:85 - 2.7500
2015-06-28 17:22:48 INFO  Main:86 - ̧20
2015-06-28 17:22:48 INFO  Main:87 - ̧PIOR222222 
2015-06-28 17:22:48 INFO  Main:83 - ̧Renato12000000013.7500
2015-06-28 17:22:48 INFO  Main:84 - ̧Renato12000001342.6500
2015-06-28 17:22:48 INFO  Main:85 - 1326.1500
2015-06-28 17:22:48 INFO  Main:86 - ̧20
2015-06-28 17:22:48 INFO  Main:87 - ̧Renato
2015-06-28 17:22:48 INFO  Main:83 - ̧Diegueraa12000000013.7500
2015-06-28 17:22:48 INFO  Main:84 - ̧Diegueraa12000002556.4000
2015-06-28 17:22:48 INFO  Main:85 - 1213.7500
2015-06-28 17:22:48 INFO  Main:86 - ̧20
2015-06-28 17:22:48 INFO  Main:87 - ̧Diegueraa
2015-06-28 17:22:48 INFO  Listener:29 - Watching directory: /Users/Mateus/Documents/Ilegra/data/in
2015-06-28 17:25:08 INFO  Main:83 - ̧MATEUS12000000013.7500
2015-06-28 17:25:08 INFO  Main:84 - ̧MATEUS12000000013.7500
2015-06-28 17:25:08 INFO  Main:85 - 12000000013.7500
2015-06-28 17:25:08 INFO  Main:86 - ̧20
2015-06-28 17:25:08 INFO  Main:87 - ̧MATEUS
2015-06-28 17:25:08 INFO  Main:83 - ̧PIOR222222 12000000013.7500
2015-06-28 17:25:08 INFO  Main:84 - ̧PIOR222222 12000000016.5000
2015-06-28 17:25:08 INFO  Main:85 - 2.7500
2015-06-28 17:25:08 INFO  Main:86 - ̧20
2015-06-28 17:25:08 INFO  Main:87 - ̧PIOR222222 
2015-06-28 17:25:08 INFO  Main:83 - ̧Renato12000000013.7500
2015-06-28 17:25:08 INFO  Main:84 - ̧Renato12000001342.6500
2015-06-28 17:25:08 INFO  Main:85 - 1326.1500
2015-06-28 17:25:08 INFO  Main:86 - ̧20
2015-06-28 17:25:08 INFO  Main:87 - ̧Renato
2015-06-28 17:25:08 INFO  Main:83 - ̧Diegueraa12000000013.7500
2015-06-28 17:25:08 INFO  Main:84 - ̧Diegueraa12000002556.4000
2015-06-28 17:25:08 INFO  Main:85 - 1213.7500
2015-06-28 17:25:08 INFO  Main:86 - ̧20
2015-06-28 17:25:08 INFO  Main:87 - ̧Diegueraa
2015-06-28 17:25:08 INFO  Listener:29 - Watching directory: /Users/Mateus/Documents/Ilegra/data/in
2015-06-28 17:26:04 INFO  Main:83 - ̧MATEUS12000000013.7500
2015-06-28 17:26:04 INFO  Main:84 - ̧MATEUS12000000013.7500
2015-06-28 17:26:04 INFO  Main:85 - 12000000013.7500
2015-06-28 17:26:04 INFO  Main:86 - ̧20
2015-06-28 17:26:04 INFO  Main:87 - ̧MATEUS
2015-06-28 17:26:04 INFO  Main:83 - ̧PIOR222222 12000000013.7500
2015-06-28 17:26:04 INFO  Main:84 - ̧PIOR222222 12000000016.5000
2015-06-28 17:26:04 INFO  Main:85 - 2.7500
2015-06-28 17:26:04 INFO  Main:86 - ̧20
2015-06-28 17:26:04 INFO  Main:87 - ̧PIOR222222 
2015-06-28 17:26:04 INFO  Main:83 - ̧Renato12000000013.7500
2015-06-28 17:26:04 INFO  Main:84 - ̧Renato12000001342.6500
2015-06-28 17:26:04 INFO  Main:85 - 1326.1500
2015-06-28 17:26:04 INFO  Main:86 - ̧20
2015-06-28 17:26:04 INFO  Main:87 - ̧Renato
2015-06-28 17:26:04 INFO  Main:83 - ̧Diegueraa12000000013.7500
2015-06-28 17:26:04 INFO  Main:84 - ̧Diegueraa12000002556.4000
2015-06-28 17:26:04 INFO  Main:85 - 1213.7500
2015-06-28 17:26:04 INFO  Main:86 - ̧20
2015-06-28 17:26:04 INFO  Main:87 - ̧Diegueraa
2015-06-28 17:26:04 INFO  Listener:29 - Watching directory: /Users/Mateus/Documents/Ilegra/data/in
